<?xml version="1.0" encoding="UTF-8"?>
<!-- Generated by org.testng.reporters.JUnitXMLReporter -->
<testsuite ignored="0" hostname="Arun" failures="0" tests="2" name="Linux-firefox" time="8.228" errors="0" timestamp="2024-12-24T19:04:02 IST">
  <testcase classname="testCases.TC_001_AccountRegistrationTest" name="VerifyAccountRegistration" time="0.0">
    <skipped/>
  </testcase> <!-- VerifyAccountRegistration -->
  <testcase classname="testCases.TC_002_LoginPage" name="VerifyLogin" time="0.0">
    <skipped/>
  </testcase> <!-- VerifyLogin -->
</testsuite> <!-- Linux-firefox -->
