<?xml version="1.0" encoding="UTF-8"?>
<!-- Generated by org.testng.reporters.JUnitXMLReporter -->
<testsuite ignored="0" hostname="Arun" failures="0" tests="2" name="Linux-fireox" time="194.339" errors="0" timestamp="2024-12-24T17:40:10 IST">
  <testcase classname="testCases.TC_001_AccountRegistrationTest" name="VerifyAccountRegistration" time="3.025"/>
  <testcase classname="testCases.TC_002_LoginPage" name="VerifyLogin" time="0.0">
    <skipped/>
  </testcase> <!-- VerifyLogin -->
</testsuite> <!-- Linux-fireox -->
