<?xml version="1.0" encoding="UTF-8"?>
<testng-results ignored="0" total="1" passed="1" failed="0" skipped="0">
  <reporter-output>
  </reporter-output>
  <suite started-at="2024-12-24T20:12:40 IST" name="Master Suite" finished-at="2024-12-24T20:12:49 IST" duration-ms="9069">
    <groups>
      <group name="Master">
        <method signature="TC_001_AccountRegistrationTest.VerifyAccountRegistration()[pri:0, instance:testCases.TC_001_AccountRegistrationTest@2925bf5b]" name="VerifyAccountRegistration" class="testCases.TC_001_AccountRegistrationTest"/>
      </group> <!-- Master -->
      <group name="Regression">
        <method signature="TC_001_AccountRegistrationTest.VerifyAccountRegistration()[pri:0, instance:testCases.TC_001_AccountRegistrationTest@2925bf5b]" name="VerifyAccountRegistration" class="testCases.TC_001_AccountRegistrationTest"/>
      </group> <!-- Regression -->
    </groups>
    <test started-at="2024-12-24T20:12:40 IST" name="Test" finished-at="2024-12-24T20:12:49 IST" duration-ms="9069">
      <class name="testCases.TC_001_AccountRegistrationTest">
        <test-method is-config="true" signature="setUp(java.lang.String,java.lang.String)[pri:0, instance:testCases.TC_001_AccountRegistrationTest@2925bf5b]" started-at="2024-12-24T20:12:40 IST" name="setUp" finished-at="2024-12-24T20:12:46 IST" duration-ms="5368" status="PASS">
          <params>
            <param index="0">
              <value>
                <![CDATA[Windows]]>
              </value>
            </param>
            <param index="1">
              <value>
                <![CDATA[chrome]]>
              </value>
            </param>
          </params>
          <reporter-output>
          </reporter-output>
        </test-method> <!-- setUp -->
        <test-method signature="VerifyAccountRegistration()[pri:0, instance:testCases.TC_001_AccountRegistrationTest@2925bf5b]" started-at="2024-12-24T20:12:46 IST" name="VerifyAccountRegistration" finished-at="2024-12-24T20:12:49 IST" duration-ms="3326" status="PASS">
          <reporter-output>
          </reporter-output>
        </test-method> <!-- VerifyAccountRegistration -->
        <test-method is-config="true" signature="tearDown()[pri:0, instance:testCases.TC_001_AccountRegistrationTest@2925bf5b]" started-at="2024-12-24T20:12:49 IST" name="tearDown" finished-at="2024-12-24T20:12:49 IST" duration-ms="299" status="PASS">
          <reporter-output>
          </reporter-output>
        </test-method> <!-- tearDown -->
      </class> <!-- testCases.TC_001_AccountRegistrationTest -->
    </test> <!-- Test -->
  </suite> <!-- Master Suite -->
</testng-results>
